This file contains any messages produced by compilers while
running configure, to aid debugging if configure makes a mistake.

It was created by g6k-kernel configure 0.1.2, which was
generated by GNU Autoconf 2.72.  Invocation command line was

  $ ./configure CXX=/usr/bin/g++

## --------- ##
## Platform. ##
## --------- ##

hostname = Admins-MacBook-Pro-2.local
uname -m = arm64
uname -r = 21.6.0
uname -s = Darwin
uname -v = Darwin Kernel Version 21.6.0: Wed Aug 10 14:28:23 PDT 2022; root:xnu-8020.141.5~2/RELEASE_ARM64_T6000

/usr/bin/uname -p = arm
/bin/uname -X     = unknown

/bin/arch              = unknown
/usr/bin/arch -k       = unknown
/usr/convex/getsysinfo = unknown
/usr/bin/hostinfo      = Mach kernel version:
	 Darwin Kernel Version 21.6.0: Wed Aug 10 14:28:23 PDT 2022; root:xnu-8020.141.5~2/RELEASE_ARM64_T6000
Kernel configured for up to 10 processors.
10 processors are physically available.
10 processors are logically available.
Processor type: arm64e (ARM64E)
Processors active: 0 1 2 3 4 5 6 7 8 9
Primary memory available: 16.00 gigabytes
Default processor set: 434 tasks, 3559 threads, 10 processors
Load average: 10.57, Mach factor: 1.83
/bin/machine           = unknown
/usr/bin/oslevel       = unknown
/bin/universe          = unknown

PATH: /opt/homebrew/opt/openjdk/bin/
PATH: /opt/homebrew/anaconda3/envs/g6k_hybrid/bin/
PATH: /opt/homebrew/anaconda3/condabin/
PATH: /opt/homebrew/opt/libomp/bin/
PATH: /opt/homebrew/opt/bison/bin/
PATH: /opt/homebrew/bin/
PATH: /opt/local/bin/
PATH: /opt/local/sbin/
PATH: /opt/homebrew/bin/
PATH: /opt/homebrew/sbin/
PATH: /usr/local/bin/
PATH: /usr/bin/
PATH: /bin/
PATH: /usr/sbin/
PATH: /sbin/
PATH: /Library/TeX/texbin/
PATH: /opt/X11/bin/
PATH: /Users/elenakirshanova/.cargo/bin/


## ----------- ##
## Core tests. ##
## ----------- ##

configure:2853: looking for aux files: compile ltmain.sh missing install-sh config.guess config.sub
configure:2866:  trying ./
configure:2895:   ./compile found
configure:2895:   ./ltmain.sh found
configure:2895:   ./missing found
configure:2877:   ./install-sh found
configure:2895:   ./config.guess found
configure:2895:   ./config.sub found
configure:3014: checking build system type
configure:3030: result: aarch64-apple-darwin21.6.0
configure:3050: checking host system type
configure:3065: result: aarch64-apple-darwin21.6.0
configure:3087: checking whether to enable maintainer-specific portions of Makefiles
configure:3098: result: yes
configure:3130: checking for a BSD-compatible install
configure:3204: result: /opt/homebrew/bin/ginstall -c
configure:3215: checking whether sleep supports fractional seconds
configure:3231: result: yes
configure:3234: checking filesystem timestamp resolution
configure:3369: result: 2
configure:3374: checking whether build environment is sane
configure:3415: result: yes
configure:3586: checking for a race-free mkdir -p
configure:3629: result: /opt/homebrew/bin/gmkdir -p
configure:3636: checking for gawk
configure:3672: result: no
configure:3636: checking for mawk
configure:3672: result: no
configure:3636: checking for nawk
configure:3672: result: no
configure:3636: checking for awk
configure:3657: found /usr/bin/awk
configure:3669: result: awk
configure:3680: checking whether make sets $(MAKE)
configure:3704: result: yes
configure:3730: checking whether make supports nested variables
configure:3749: result: yes
configure:3763: checking xargs -n works
configure:3779: result: yes
configure:3958: checking how to print strings
configure:3985: result: printf
configure:4019: checking whether make supports the include directive
configure:4034: make -f confmf.GNU && cat confinc.out
this is the am__doit target
configure:4037: $? = 0
configure:4056: result: yes (GNU style)
configure:4133: checking for gcc
configure:4154: found /usr/bin/gcc
configure:4166: result: gcc
configure:4525: checking for C compiler version
configure:4534: gcc --version >&5
Apple clang version 13.1.6 (clang-1316.0.21.2.5)
Target: arm64-apple-darwin21.6.0
Thread model: posix
InstalledDir: /Library/Developer/CommandLineTools/usr/bin
configure:4545: $? = 0
configure:4534: gcc -v >&5
Apple clang version 13.1.6 (clang-1316.0.21.2.5)
Target: arm64-apple-darwin21.6.0
Thread model: posix
InstalledDir: /Library/Developer/CommandLineTools/usr/bin
configure:4545: $? = 0
configure:4534: gcc -V >&5
clang: error: argument to '-V' is missing (expected 1 value)
clang: error: no input files
configure:4545: $? = 1
configure:4534: gcc -qversion >&5
clang: error: unknown argument '-qversion'; did you mean '--version'?
clang: error: no input files
configure:4545: $? = 1
configure:4534: gcc -version >&5
clang: error: unknown argument '-version'; did you mean '--version'?
clang: error: no input files
configure:4545: $? = 1
configure:4565: checking whether the C compiler works
configure:4587: gcc    conftest.c  >&5
configure:4591: $? = 0
configure:4642: result: yes
configure:4646: checking for C compiler default output file name
configure:4648: result: a.out
configure:4654: checking for suffix of executables
configure:4661: gcc -o conftest    conftest.c  >&5
configure:4665: $? = 0
configure:4689: result: 
configure:4713: checking whether we are cross compiling
configure:4721: gcc -o conftest    conftest.c  >&5
configure:4725: $? = 0
configure:4732: ./conftest
configure:4736: $? = 0
configure:4751: result: no
configure:4757: checking for suffix of object files
configure:4780: gcc -c   conftest.c >&5
configure:4784: $? = 0
configure:4808: result: o
configure:4812: checking whether the compiler supports GNU C
configure:4832: gcc -c   conftest.c >&5
configure:4832: $? = 0
configure:4844: result: yes
configure:4855: checking whether gcc accepts -g
configure:4876: gcc -c -g  conftest.c >&5
configure:4876: $? = 0
configure:4923: result: yes
configure:4943: checking for gcc option to enable C11 features
configure:4958: gcc  -c -g -O2  conftest.c >&5
configure:4958: $? = 0
configure:4977: result: none needed
configure:5101: checking whether gcc understands -c and -o together
configure:5124: gcc -c conftest.c -o conftest2.o
configure:5127: $? = 0
configure:5124: gcc -c conftest.c -o conftest2.o
configure:5127: $? = 0
configure:5140: result: yes
configure:5159: checking dependency style of gcc
configure:5272: result: gcc3
configure:5287: checking for a sed that does not truncate output
configure:5359: result: /usr/bin/sed
configure:5377: checking for grep that handles long lines and -e
configure:5443: result: /usr/bin/grep
configure:5448: checking for egrep
configure:5518: result: /usr/bin/grep -E
configure:5525: checking for fgrep
configure:5595: result: /usr/bin/grep -F
configure:5632: checking for ld used by gcc
configure:5701: result: /Library/Developer/CommandLineTools/usr/bin/ld
configure:5708: checking if the linker (/Library/Developer/CommandLineTools/usr/bin/ld) is GNU ld
configure:5725: result: no
configure:5737: checking for BSD- or MS-compatible name lister (nm)
configure:5793: result: /usr/bin/nm -B
configure:5935: checking the name lister (/usr/bin/nm -B) interface
configure:5943: gcc -c -g -O2  conftest.c >&5
configure:5946: /usr/bin/nm -B "conftest.o"
configure:5949: output
0000000000000230 S _some_variable
0000000000000000 t ltmp0
0000000000000230 s ltmp1
configure:5957: result: BSD nm
configure:5960: checking whether ln -s works
configure:5964: result: yes
configure:5972: checking the maximum length of command line arguments
configure:6105: result: 786432
configure:6153: checking how to convert aarch64-apple-darwin21.6.0 file names to aarch64-apple-darwin21.6.0 format
configure:6195: result: func_convert_file_noop
configure:6202: checking how to convert aarch64-apple-darwin21.6.0 file names to toolchain format
configure:6224: result: func_convert_file_noop
configure:6231: checking for /Library/Developer/CommandLineTools/usr/bin/ld option to reload object files
configure:6240: result: -r
configure:6320: checking for file
configure:6341: found /usr/bin/file
configure:6353: result: file
configure:6430: checking for objdump
configure:6451: found /usr/bin/objdump
configure:6463: result: objdump
configure:6495: checking how to recognize dependent libraries
configure:6697: result: pass_all
configure:6788: checking for dlltool
configure:6824: result: no
configure:6854: checking how to associate runtime and link libraries
configure:6883: result: printf %s\n
configure:6950: checking for ar
configure:6971: found /usr/bin/ar
configure:6983: result: ar
configure:7036: checking for archiver @FILE support
configure:7054: gcc -c -g -O2  conftest.c >&5
configure:7054: $? = 0
configure:7058: ar cr libconftest.a @conftest.lst >&5
ar: @conftest.lst: No such file or directory
configure:7061: $? = 1
configure:7082: result: no
configure:7146: checking for strip
configure:7167: found /usr/bin/strip
configure:7179: result: strip
configure:7257: checking for ranlib
configure:7278: found /usr/bin/ranlib
configure:7290: result: ranlib
configure:7392: checking command to parse /usr/bin/nm -B output from gcc object
configure:7546: gcc -c -g -O2  conftest.c >&5
configure:7549: $? = 0
configure:7553: /usr/bin/nm -B conftest.o \| /usr/bin/sed -n -e 's/^.*[ ]\([ABCDGIRSTW][ABCDGIRSTW]*\)[ ][ ]*\([_A-Za-z][_A-Za-z0-9]*\)$/\1 \2 \2/p' | /usr/bin/sed '/ __gnu_lto/d' \> conftest.nm
configure:7556: $? = 0
cannot find nm_test_var in conftest.nm
configure:7546: gcc -c -g -O2  conftest.c >&5
configure:7549: $? = 0
configure:7553: /usr/bin/nm -B conftest.o \| /usr/bin/sed -n -e 's/^.*[ ]\([ABCDGIRSTW][ABCDGIRSTW]*\)[ ][ ]*_\([_A-Za-z][_A-Za-z0-9]*\)$/\1 _\2 \2/p' | /usr/bin/sed '/ __gnu_lto/d' \> conftest.nm
configure:7556: $? = 0
configure:7622: gcc -o conftest -g -O2   conftest.c conftstm.o >&5
warning: (arm64)  could not find object file symbol for symbol _main
configure:7625: $? = 0
configure:7664: result: ok
configure:7711: checking for sysroot
configure:7743: result: no
configure:7750: checking for a working dd
configure:7795: result: /bin/dd
configure:7799: checking how to truncate binary pipes
configure:7816: result: /bin/dd bs=4096 count=1
configure:8156: checking for mt
configure:8192: result: no
configure:8212: checking if : is a manifest tool
configure:8219: : '-?'
configure:8228: result: no
configure:8290: checking for dsymutil
configure:8311: found /usr/bin/dsymutil
configure:8323: result: dsymutil
configure:8394: checking for nmedit
configure:8415: found /usr/bin/nmedit
configure:8427: result: nmedit
configure:8498: checking for lipo
configure:8519: found /usr/bin/lipo
configure:8531: result: lipo
configure:8602: checking for otool
configure:8623: found /usr/bin/otool
configure:8635: result: otool
configure:8706: checking for otool64
configure:8742: result: no
configure:8787: checking for -single_module linker flag
gcc -g -O2  -o libconftest.dylib -dynamiclib -Wl,-single_module conftest.c
configure:8822: result: yes
configure:8825: checking for -exported_symbols_list linker flag
configure:8846: gcc -o conftest -g -O2   -Wl,-exported_symbols_list,conftest.sym conftest.c  >&5
configure:8846: $? = 0
configure:8859: result: yes
configure:8862: checking for -force_load linker flag
gcc -g -O2 -c -o conftest.o conftest.c
ar cr libconftest.a conftest.o
ranlib libconftest.a
gcc -g -O2  -o conftest conftest.c -Wl,-force_load,./libconftest.a
configure:8896: result: yes
configure:8967: checking for stdio.h
configure:8967: gcc -c -g -O2  conftest.c >&5
configure:8967: $? = 0
configure:8967: result: yes
configure:8967: checking for stdlib.h
configure:8967: gcc -c -g -O2  conftest.c >&5
configure:8967: $? = 0
configure:8967: result: yes
configure:8967: checking for string.h
configure:8967: gcc -c -g -O2  conftest.c >&5
configure:8967: $? = 0
configure:8967: result: yes
configure:8967: checking for inttypes.h
configure:8967: gcc -c -g -O2  conftest.c >&5
configure:8967: $? = 0
configure:8967: result: yes
configure:8967: checking for stdint.h
configure:8967: gcc -c -g -O2  conftest.c >&5
configure:8967: $? = 0
configure:8967: result: yes
configure:8967: checking for strings.h
configure:8967: gcc -c -g -O2  conftest.c >&5
configure:8967: $? = 0
configure:8967: result: yes
configure:8967: checking for sys/stat.h
configure:8967: gcc -c -g -O2  conftest.c >&5
configure:8967: $? = 0
configure:8967: result: yes
configure:8967: checking for sys/types.h
configure:8967: gcc -c -g -O2  conftest.c >&5
configure:8967: $? = 0
configure:8967: result: yes
configure:8967: checking for unistd.h
configure:8967: gcc -c -g -O2  conftest.c >&5
configure:8967: $? = 0
configure:8967: result: yes
configure:8992: checking for dlfcn.h
configure:8992: gcc -c -g -O2  conftest.c >&5
configure:8992: $? = 0
configure:8992: result: yes
configure:9257: checking for objdir
configure:9274: result: .libs
configure:9540: checking if gcc supports -fno-rtti -fno-exceptions
configure:9559: gcc -c -g -O2  -fno-rtti -fno-exceptions conftest.c >&5
configure:9563: $? = 0
configure:9577: result: yes
configure:9935: checking for gcc option to produce PIC
configure:9944: result: -fno-common -DPIC
configure:9952: checking if gcc PIC flag -fno-common -DPIC works
configure:9971: gcc -c -g -O2  -fno-common -DPIC -DPIC conftest.c >&5
configure:9975: $? = 0
configure:9989: result: yes
configure:10018: checking if gcc static flag -static works
configure:10048: result: no
configure:10063: checking if gcc supports -c -o file.o
configure:10085: gcc -c -g -O2  -o out/conftest2.o conftest.c >&5
configure:10089: $? = 0
configure:10112: result: yes
configure:10120: checking if gcc supports -c -o file.o
configure:10169: result: yes
configure:10202: checking whether the gcc linker (/Library/Developer/CommandLineTools/usr/bin/ld) supports shared libraries
configure:11475: result: yes
configure:11717: checking dynamic linker characteristics
configure:12539: result: darwin21.6.0 dyld
configure:12661: checking how to hardcode library paths into programs
configure:12686: result: immediate
configure:13286: checking whether stripping libraries is possible
configure:13303: result: yes
configure:13337: checking if libtool supports shared libraries
configure:13339: result: yes
configure:13342: checking whether to build shared libraries
configure:13367: result: yes
configure:13370: checking whether to build static libraries
configure:13374: result: yes
configure:13579: checking for C++ compiler version
configure:13588: /usr/bin/g++ --version >&5
Apple clang version 13.1.6 (clang-1316.0.21.2.5)
Target: arm64-apple-darwin21.6.0
Thread model: posix
InstalledDir: /Library/Developer/CommandLineTools/usr/bin
configure:13599: $? = 0
configure:13588: /usr/bin/g++ -v >&5
Apple clang version 13.1.6 (clang-1316.0.21.2.5)
Target: arm64-apple-darwin21.6.0
Thread model: posix
InstalledDir: /Library/Developer/CommandLineTools/usr/bin
configure:13599: $? = 0
configure:13588: /usr/bin/g++ -V >&5
clang: error: argument to '-V' is missing (expected 1 value)
clang: error: no input files
configure:13599: $? = 1
configure:13588: /usr/bin/g++ -qversion >&5
clang: error: unknown argument '-qversion'; did you mean '--version'?
clang: error: no input files
configure:13599: $? = 1
configure:13603: checking whether the compiler supports GNU C++
configure:13623: /usr/bin/g++ -c -Ofast -ftree-vectorize -funroll-loops -Wall -Wextra  conftest.cpp >&5
configure:13623: $? = 0
configure:13635: result: yes
configure:13646: checking whether /usr/bin/g++ accepts -g
configure:13667: /usr/bin/g++ -c -g  conftest.cpp >&5
configure:13667: $? = 0
configure:13714: result: yes
configure:13734: checking for /usr/bin/g++ option to enable C++11 features
configure:13749: /usr/bin/g++  -c -Ofast -ftree-vectorize -funroll-loops -Wall -Wextra  conftest.cpp >&5
conftest.cpp:74:3: error: "Compiler does not advertise C++11 conformance"
# error "Compiler does not advertise C++11 conformance"
  ^
conftest.cpp:79:3: error: unknown type name 'constexpr'
  constexpr int get_val() { return 20; }
  ^
conftest.cpp:91:17: error: delegating constructors are permitted only in C++11
    delegate(): delegate(2354) {}
                ^~~~~~~~
conftest.cpp:102:26: warning: 'override' keyword is a C++11 extension [-Wc++11-extensions]
    virtual int getval() override final { return this->n * 2; }
                         ^
conftest.cpp:102:35: warning: 'final' keyword is a C++11 extension [-Wc++11-extensions]
    virtual int getval() override final { return this->n * 2; }
                                  ^
conftest.cpp:109:16: warning: defaulted function definitions are a C++11 extension [-Wc++11-extensions]
    nocopy() = default;
               ^
conftest.cpp:110:29: warning: deleted function definitions are a C++11 extension [-Wc++11-extensions]
    nocopy(const nocopy&) = delete;
                            ^
conftest.cpp:111:41: warning: deleted function definitions are a C++11 extension [-Wc++11-extensions]
    nocopy & operator=(const nocopy&) = delete;
                                        ^
conftest.cpp:123:25: warning: 'auto' type specifier is a C++11 extension [-Wc++11-extensions]
  template <typename V> auto sum(V first) -> V
                        ^
conftest.cpp:123:25: error: 'auto' not allowed in function return type
  template <typename V> auto sum(V first) -> V
                        ^~~~
conftest.cpp:123:42: error: expected ';' at end of declaration
  template <typename V> auto sum(V first) -> V
                                         ^
                                         ;
conftest.cpp:123:43: error: cannot use arrow operator on a type
  template <typename V> auto sum(V first) -> V
                                          ^
conftest.cpp:127:33: warning: variadic templates are a C++11 extension [-Wc++11-extensions]
  template <typename V, typename... Args> auto sum(V first, Args... rest) -> V
                                ^
conftest.cpp:127:43: warning: 'auto' type specifier is a C++11 extension [-Wc++11-extensions]
  template <typename V, typename... Args> auto sum(V first, Args... rest) -> V
                                          ^
conftest.cpp:127:43: error: 'auto' not allowed in function return type
  template <typename V, typename... Args> auto sum(V first, Args... rest) -> V
                                          ^~~~
conftest.cpp:127:74: error: expected ';' at end of declaration
  template <typename V, typename... Args> auto sum(V first, Args... rest) -> V
                                                                         ^
                                                                         ;
conftest.cpp:127:75: error: cannot use arrow operator on a type
  template <typename V, typename... Args> auto sum(V first, Args... rest) -> V
                                                                          ^
conftest.cpp:151:3: warning: 'auto' type specifier is a C++11 extension [-Wc++11-extensions]
  auto a1 = 6538;
  ^
conftest.cpp:152:3: warning: 'auto' type specifier is a C++11 extension [-Wc++11-extensions]
  auto a2 = 48573953.4;
  ^
conftest.cpp:153:3: warning: 'auto' type specifier is a C++11 extension [-Wc++11-extensions]
  auto a3 = "String literal";
  ^
conftest.cpp:156:8: warning: 'auto' type specifier is a C++11 extension [-Wc++11-extensions]
  for (auto i = a3; *i; ++i) { total += *i; }
       ^
conftest.cpp:151:8: warning: unused variable 'a1' [-Wunused-variable]
  auto a1 = 6538;
       ^
conftest.cpp:158:16: warning: unused variable 'a4' [-Wunused-variable]
  decltype(a2) a4 = 34895.034;
               ^
conftest.cpp:155:7: warning: variable 'total' set but not used [-Wunused-but-set-variable]
  int total = 0;
      ^
conftest.cpp:166:23: warning: unused variable 'il' [-Wunused-variable]
  cxx11test::testinit il = { 4323, 435234.23544 };
                      ^
conftest.cpp:172:8: warning: 'auto' type specifier is a C++11 extension [-Wc++11-extensions]
  for (auto &x : array) { x += 23; }
       ^
conftest.cpp:172:16: warning: range-based for loop is a C++11 extension [-Wc++11-extensions]
  for (auto &x : array) { x += 23; }
               ^
conftest.cpp:177:17: error: expected expression
  assert (eval ([](int x) { return x*2; }, 21) == 42);
                ^
conftest.cpp:179:17: error: expected expression
  assert (eval ([&](double x) { return d += x; }, 3.0) == 5.0);
                ^
conftest.cpp:181:17: error: expected expression
  assert (eval ([=](double x) mutable { return d += x; }, 4.0) == 9.0);
                ^
conftest.cpp:187:3: warning: 'auto' type specifier is a C++11 extension [-Wc++11-extensions]
  auto a = sum(1);
  ^
conftest.cpp:187:12: error: no matching function for call to 'sum'
  auto a = sum(1);
           ^~~
conftest.cpp:188:3: warning: 'auto' type specifier is a C++11 extension [-Wc++11-extensions]
  auto b = sum(1, 2);
  ^
conftest.cpp:188:12: error: no matching function for call to 'sum'
  auto b = sum(1, 2);
           ^~~
conftest.cpp:189:3: warning: 'auto' type specifier is a C++11 extension [-Wc++11-extensions]
  auto c = sum(1.0, 2.0, 3.0);
  ^
conftest.cpp:189:12: error: no matching function for call to 'sum'
  auto c = sum(1.0, 2.0, 3.0);
           ^~~
conftest.cpp:194:25: warning: empty parentheses interpreted as a function declaration [-Wvexing-parse]
  cxx11test::delegate d2();
                        ^~
conftest.cpp:194:25: note: remove parentheses to declare a variable
  cxx11test::delegate d2();
                        ^~
conftest.cpp:203:9: warning: unused variable 'c' [-Wunused-variable]
  char *c = nullptr;
        ^
conftest.cpp:207:16: error: found '<::' after a template name which forms the digraph '<:' (aka '[') and a ':', did you mean '< ::'?
  test_template<::test_template<int>> v(test_template<int>(12));
               ^~~
               < ::
conftest.cpp:207:36: error: a space is required between consecutive right angle brackets (use '> >')
  test_template<::test_template<int>> v(test_template<int>(12));
                                   ^~
                                   > >
conftest.cpp:211:22: error: use of undeclared identifier 'u8'
  char const *utf8 = u8"UTF-8 string \u2500";
                     ^
conftest.cpp:211:24: error: expected ';' at end of declaration
  char const *utf8 = u8"UTF-8 string \u2500";
                       ^
                       ;
fatal error: too many errors emitted, stopping now [-ferror-limit=]
23 warnings and 20 errors generated.
configure:13749: $? = 1
configure: failed program was:
| /* confdefs.h */
| #define PACKAGE_NAME "g6k-kernel"
| #define PACKAGE_TARNAME "g6k-kernel"
| #define PACKAGE_VERSION "0.1.2"
| #define PACKAGE_STRING "g6k-kernel 0.1.2"
| #define PACKAGE_BUGREPORT ""
| #define PACKAGE_URL ""
| #define PACKAGE "g6k-kernel"
| #define VERSION "0.1.2"
| #define G6K_MAJOR_VERSION 0
| #define G6K_MINOR_VERSION 1
| #define G6K_MICRO_VERSION 2
| #define G6K_VERSION 0.1.2
| #define G6K_VERSION_INFO 
| #define HAVE_STDIO_H 1
| #define HAVE_STDLIB_H 1
| #define HAVE_STRING_H 1
| #define HAVE_INTTYPES_H 1
| #define HAVE_STDINT_H 1
| #define HAVE_STRINGS_H 1
| #define HAVE_SYS_STAT_H 1
| #define HAVE_SYS_TYPES_H 1
| #define HAVE_UNISTD_H 1
| #define STDC_HEADERS 1
| #define HAVE_DLFCN_H 1
| #define LT_OBJDIR ".libs/"
| /* end confdefs.h.  */
| 
| // Does the compiler advertise C++98 conformance?
| #if !defined __cplusplus || __cplusplus < 199711L
| # error "Compiler does not advertise C++98 conformance"
| #endif
| 
| // These inclusions are to reject old compilers that
| // lack the unsuffixed header files.
| #include <cstdlib>
| #include <exception>
| 
| // <cassert> and <cstring> are *not* freestanding headers in C++98.
| extern void assert (int);
| namespace std {
|   extern int strcmp (const char *, const char *);
| }
| 
| // Namespaces, exceptions, and templates were all added after "C++ 2.0".
| using std::exception;
| using std::strcmp;
| 
| namespace {
| 
| void test_exception_syntax()
| {
|   try {
|     throw "test";
|   } catch (const char *s) {
|     // Extra parentheses suppress a warning when building autoconf itself,
|     // due to lint rules shared with more typical C programs.
|     assert (!(strcmp) (s, "test"));
|   }
| }
| 
| template <typename T> struct test_template
| {
|   T const val;
|   explicit test_template(T t) : val(t) {}
|   template <typename U> T add(U u) { return static_cast<T>(u) + val; }
| };
| 
| } // anonymous namespace
| 
| 
| // Does the compiler advertise C++ 2011 conformance?
| #if !defined __cplusplus || __cplusplus < 201103L
| # error "Compiler does not advertise C++11 conformance"
| #endif
| 
| namespace cxx11test
| {
|   constexpr int get_val() { return 20; }
| 
|   struct testinit
|   {
|     int i;
|     double d;
|   };
| 
|   class delegate
|   {
|   public:
|     delegate(int n) : n(n) {}
|     delegate(): delegate(2354) {}
| 
|     virtual int getval() { return this->n; };
|   protected:
|     int n;
|   };
| 
|   class overridden : public delegate
|   {
|   public:
|     overridden(int n): delegate(n) {}
|     virtual int getval() override final { return this->n * 2; }
|   };
| 
|   class nocopy
|   {
|   public:
|     nocopy(int i): i(i) {}
|     nocopy() = default;
|     nocopy(const nocopy&) = delete;
|     nocopy & operator=(const nocopy&) = delete;
|   private:
|     int i;
|   };
| 
|   // for testing lambda expressions
|   template <typename Ret, typename Fn> Ret eval(Fn f, Ret v)
|   {
|     return f(v);
|   }
| 
|   // for testing variadic templates and trailing return types
|   template <typename V> auto sum(V first) -> V
|   {
|     return first;
|   }
|   template <typename V, typename... Args> auto sum(V first, Args... rest) -> V
|   {
|     return first + sum(rest...);
|   }
| }
| 
| 
| int
| main (int argc, char **argv)
| {
|   int ok = 0;
|   
|   assert (argc);
|   assert (! argv[0]);
| {
|   test_exception_syntax ();
|   test_template<double> tt (2.0);
|   assert (tt.add (4) == 6.0);
|   assert (true && !false);
| }
| 
|   
| {
|   // Test auto and decltype
|   auto a1 = 6538;
|   auto a2 = 48573953.4;
|   auto a3 = "String literal";
| 
|   int total = 0;
|   for (auto i = a3; *i; ++i) { total += *i; }
| 
|   decltype(a2) a4 = 34895.034;
| }
| {
|   // Test constexpr
|   short sa[cxx11test::get_val()] = { 0 };
| }
| {
|   // Test initializer lists
|   cxx11test::testinit il = { 4323, 435234.23544 };
| }
| {
|   // Test range-based for
|   int array[] = {9, 7, 13, 15, 4, 18, 12, 10, 5, 3,
|                  14, 19, 17, 8, 6, 20, 16, 2, 11, 1};
|   for (auto &x : array) { x += 23; }
| }
| {
|   // Test lambda expressions
|   using cxx11test::eval;
|   assert (eval ([](int x) { return x*2; }, 21) == 42);
|   double d = 2.0;
|   assert (eval ([&](double x) { return d += x; }, 3.0) == 5.0);
|   assert (d == 5.0);
|   assert (eval ([=](double x) mutable { return d += x; }, 4.0) == 9.0);
|   assert (d == 5.0);
| }
| {
|   // Test use of variadic templates
|   using cxx11test::sum;
|   auto a = sum(1);
|   auto b = sum(1, 2);
|   auto c = sum(1.0, 2.0, 3.0);
| }
| {
|   // Test constructor delegation
|   cxx11test::delegate d1;
|   cxx11test::delegate d2();
|   cxx11test::delegate d3(45);
| }
| {
|   // Test override and final
|   cxx11test::overridden o1(55464);
| }
| {
|   // Test nullptr
|   char *c = nullptr;
| }
| {
|   // Test template brackets
|   test_template<::test_template<int>> v(test_template<int>(12));
| }
| {
|   // Unicode literals
|   char const *utf8 = u8"UTF-8 string \u2500";
|   char16_t const *utf16 = u"UTF-8 string \u2500";
|   char32_t const *utf32 = U"UTF-32 string \u2500";
| }
| 
|   return ok;
| }
| 
configure:13749: /usr/bin/g++ -std=gnu++11 -c -Ofast -ftree-vectorize -funroll-loops -Wall -Wextra  conftest.cpp >&5
conftest.cpp:158:16: warning: unused variable 'a4' [-Wunused-variable]
  decltype(a2) a4 = 34895.034;
               ^
conftest.cpp:155:7: warning: variable 'total' set but not used [-Wunused-but-set-variable]
  int total = 0;
      ^
conftest.cpp:151:8: warning: unused variable 'a1' [-Wunused-variable]
  auto a1 = 6538;
       ^
conftest.cpp:162:9: warning: unused variable 'sa' [-Wunused-variable]
  short sa[cxx11test::get_val()] = { 0 };
        ^
conftest.cpp:166:23: warning: unused variable 'il' [-Wunused-variable]
  cxx11test::testinit il = { 4323, 435234.23544 };
                      ^
conftest.cpp:187:8: warning: unused variable 'a' [-Wunused-variable]
  auto a = sum(1);
       ^
conftest.cpp:189:8: warning: unused variable 'c' [-Wunused-variable]
  auto c = sum(1.0, 2.0, 3.0);
       ^
conftest.cpp:188:8: warning: unused variable 'b' [-Wunused-variable]
  auto b = sum(1, 2);
       ^
conftest.cpp:194:25: warning: empty parentheses interpreted as a function declaration [-Wvexing-parse]
  cxx11test::delegate d2();
                        ^~
conftest.cpp:194:25: note: remove parentheses to declare a variable
  cxx11test::delegate d2();
                        ^~
conftest.cpp:203:9: warning: unused variable 'c' [-Wunused-variable]
  char *c = nullptr;
        ^
conftest.cpp:211:15: warning: unused variable 'utf8' [-Wunused-variable]
  char const *utf8 = u8"UTF-8 string \u2500";
              ^
conftest.cpp:213:19: warning: unused variable 'utf32' [-Wunused-variable]
  char32_t const *utf32 = U"UTF-32 string \u2500";
                  ^
conftest.cpp:212:19: warning: unused variable 'utf16' [-Wunused-variable]
  char16_t const *utf16 = u"UTF-8 string \u2500";
                  ^
conftest.cpp:113:9: warning: private field 'i' is not used [-Wunused-private-field]
    int i;
        ^
14 warnings generated.
configure:13749: $? = 0
configure:13771: result: -std=gnu++11
configure:13839: checking dependency style of /usr/bin/g++ -std=gnu++11
configure:13952: result: gcc3
configure:13985: checking how to run the C++ preprocessor
configure:14007: /usr/bin/g++ -std=gnu++11 -E  conftest.cpp
configure:14007: $? = 0
configure:14023: /usr/bin/g++ -std=gnu++11 -E  conftest.cpp
conftest.cpp:28:10: fatal error: 'ac_nonexistent.h' file not found
#include <ac_nonexistent.h>
         ^~~~~~~~~~~~~~~~~~
1 error generated.
configure:14023: $? = 1
configure: failed program was:
| /* confdefs.h */
| #define PACKAGE_NAME "g6k-kernel"
| #define PACKAGE_TARNAME "g6k-kernel"
| #define PACKAGE_VERSION "0.1.2"
| #define PACKAGE_STRING "g6k-kernel 0.1.2"
| #define PACKAGE_BUGREPORT ""
| #define PACKAGE_URL ""
| #define PACKAGE "g6k-kernel"
| #define VERSION "0.1.2"
| #define G6K_MAJOR_VERSION 0
| #define G6K_MINOR_VERSION 1
| #define G6K_MICRO_VERSION 2
| #define G6K_VERSION 0.1.2
| #define G6K_VERSION_INFO 
| #define HAVE_STDIO_H 1
| #define HAVE_STDLIB_H 1
| #define HAVE_STRING_H 1
| #define HAVE_INTTYPES_H 1
| #define HAVE_STDINT_H 1
| #define HAVE_STRINGS_H 1
| #define HAVE_SYS_STAT_H 1
| #define HAVE_SYS_TYPES_H 1
| #define HAVE_UNISTD_H 1
| #define STDC_HEADERS 1
| #define HAVE_DLFCN_H 1
| #define LT_OBJDIR ".libs/"
| /* end confdefs.h.  */
| #include <ac_nonexistent.h>
configure:14052: result: /usr/bin/g++ -std=gnu++11 -E
configure:14066: /usr/bin/g++ -std=gnu++11 -E  conftest.cpp
configure:14066: $? = 0
configure:14082: /usr/bin/g++ -std=gnu++11 -E  conftest.cpp
conftest.cpp:28:10: fatal error: 'ac_nonexistent.h' file not found
#include <ac_nonexistent.h>
         ^~~~~~~~~~~~~~~~~~
1 error generated.
configure:14082: $? = 1
configure: failed program was:
| /* confdefs.h */
| #define PACKAGE_NAME "g6k-kernel"
| #define PACKAGE_TARNAME "g6k-kernel"
| #define PACKAGE_VERSION "0.1.2"
| #define PACKAGE_STRING "g6k-kernel 0.1.2"
| #define PACKAGE_BUGREPORT ""
| #define PACKAGE_URL ""
| #define PACKAGE "g6k-kernel"
| #define VERSION "0.1.2"
| #define G6K_MAJOR_VERSION 0
| #define G6K_MINOR_VERSION 1
| #define G6K_MICRO_VERSION 2
| #define G6K_VERSION 0.1.2
| #define G6K_VERSION_INFO 
| #define HAVE_STDIO_H 1
| #define HAVE_STDLIB_H 1
| #define HAVE_STRING_H 1
| #define HAVE_INTTYPES_H 1
| #define HAVE_STDINT_H 1
| #define HAVE_STRINGS_H 1
| #define HAVE_SYS_STAT_H 1
| #define HAVE_SYS_TYPES_H 1
| #define HAVE_UNISTD_H 1
| #define STDC_HEADERS 1
| #define HAVE_DLFCN_H 1
| #define LT_OBJDIR ".libs/"
| /* end confdefs.h.  */
| #include <ac_nonexistent.h>
configure:14250: checking for ld used by /usr/bin/g++ -std=gnu++11
configure:14319: result: /Library/Developer/CommandLineTools/usr/bin/ld
configure:14326: checking if the linker (/Library/Developer/CommandLineTools/usr/bin/ld) is GNU ld
configure:14343: result: no
configure:14398: checking whether the /usr/bin/g++ -std=gnu++11 linker (/Library/Developer/CommandLineTools/usr/bin/ld) supports shared libraries
configure:15478: result: yes
configure:15514: /usr/bin/g++ -std=gnu++11 -c -Ofast -ftree-vectorize -funroll-loops -Wall -Wextra  conftest.cpp >&5
configure:15517: $? = 0
configure:15998: checking for /usr/bin/g++ -std=gnu++11 option to produce PIC
configure:16007: result: -fno-common -DPIC
configure:16015: checking if /usr/bin/g++ -std=gnu++11 PIC flag -fno-common -DPIC works
configure:16034: /usr/bin/g++ -std=gnu++11 -c -Ofast -ftree-vectorize -funroll-loops -Wall -Wextra  -fno-common -DPIC -DPIC conftest.cpp >&5
configure:16038: $? = 0
configure:16052: result: yes
configure:16075: checking if /usr/bin/g++ -std=gnu++11 static flag -static works
configure:16105: result: no
configure:16117: checking if /usr/bin/g++ -std=gnu++11 supports -c -o file.o
configure:16139: /usr/bin/g++ -std=gnu++11 -c -Ofast -ftree-vectorize -funroll-loops -Wall -Wextra  -o out/conftest2.o conftest.cpp >&5
configure:16143: $? = 0
configure:16166: result: yes
configure:16171: checking if /usr/bin/g++ -std=gnu++11 supports -c -o file.o
configure:16220: result: yes
configure:16250: checking whether the /usr/bin/g++ -std=gnu++11 linker (/Library/Developer/CommandLineTools/usr/bin/ld) supports shared libraries
configure:16290: result: yes
configure:16433: checking dynamic linker characteristics
configure:17182: result: darwin21.6.0 dyld
configure:17247: checking how to hardcode library paths into programs
configure:17272: result: immediate
configure:17326: checking whether /usr/bin/g++ -std=gnu++11 supports C++11 features with -std=c++11
configure:17625: /usr/bin/g++ -std=gnu++11 -std=c++11 -c -Ofast -ftree-vectorize -funroll-loops -Wall -Wextra  conftest.cpp >&5
configure:17625: $? = 0
configure:17637: result: yes
configure:17682: checking how to run the C preprocessor
configure:17708: gcc -E  conftest.c
configure:17708: $? = 0
configure:17724: gcc -E  conftest.c
conftest.c:29:10: fatal error: 'ac_nonexistent.h' file not found
#include <ac_nonexistent.h>
         ^~~~~~~~~~~~~~~~~~
1 error generated.
configure:17724: $? = 1
configure: failed program was:
| /* confdefs.h */
| #define PACKAGE_NAME "g6k-kernel"
| #define PACKAGE_TARNAME "g6k-kernel"
| #define PACKAGE_VERSION "0.1.2"
| #define PACKAGE_STRING "g6k-kernel 0.1.2"
| #define PACKAGE_BUGREPORT ""
| #define PACKAGE_URL ""
| #define PACKAGE "g6k-kernel"
| #define VERSION "0.1.2"
| #define G6K_MAJOR_VERSION 0
| #define G6K_MINOR_VERSION 1
| #define G6K_MICRO_VERSION 2
| #define G6K_VERSION 0.1.2
| #define G6K_VERSION_INFO 
| #define HAVE_STDIO_H 1
| #define HAVE_STDLIB_H 1
| #define HAVE_STRING_H 1
| #define HAVE_INTTYPES_H 1
| #define HAVE_STDINT_H 1
| #define HAVE_STRINGS_H 1
| #define HAVE_SYS_STAT_H 1
| #define HAVE_SYS_TYPES_H 1
| #define HAVE_UNISTD_H 1
| #define STDC_HEADERS 1
| #define HAVE_DLFCN_H 1
| #define LT_OBJDIR ".libs/"
| #define HAVE_CXX11 1
| /* end confdefs.h.  */
| #include <ac_nonexistent.h>
configure:17753: result: gcc -E
configure:17767: gcc -E  conftest.c
configure:17767: $? = 0
configure:17783: gcc -E  conftest.c
conftest.c:29:10: fatal error: 'ac_nonexistent.h' file not found
#include <ac_nonexistent.h>
         ^~~~~~~~~~~~~~~~~~
1 error generated.
configure:17783: $? = 1
configure: failed program was:
| /* confdefs.h */
| #define PACKAGE_NAME "g6k-kernel"
| #define PACKAGE_TARNAME "g6k-kernel"
| #define PACKAGE_VERSION "0.1.2"
| #define PACKAGE_STRING "g6k-kernel 0.1.2"
| #define PACKAGE_BUGREPORT ""
| #define PACKAGE_URL ""
| #define PACKAGE "g6k-kernel"
| #define VERSION "0.1.2"
| #define G6K_MAJOR_VERSION 0
| #define G6K_MINOR_VERSION 1
| #define G6K_MICRO_VERSION 2
| #define G6K_VERSION 0.1.2
| #define G6K_VERSION_INFO 
| #define HAVE_STDIO_H 1
| #define HAVE_STDLIB_H 1
| #define HAVE_STRING_H 1
| #define HAVE_INTTYPES_H 1
| #define HAVE_STDINT_H 1
| #define HAVE_STRINGS_H 1
| #define HAVE_SYS_STAT_H 1
| #define HAVE_SYS_TYPES_H 1
| #define HAVE_UNISTD_H 1
| #define STDC_HEADERS 1
| #define HAVE_DLFCN_H 1
| #define LT_OBJDIR ".libs/"
| #define HAVE_CXX11 1
| /* end confdefs.h.  */
| #include <ac_nonexistent.h>
configure:17816: checking for egrep -e
configure:17946: result: /usr/bin/grep -E
configure:18112: checking whether gcc is Clang
configure:18140: result: yes
configure:18206: checking whether pthreads work with "-pthread" and "-lpthread"
configure:18318: gcc -o conftest -g -O2 -pthread   conftest.c -lpthread  >&5
configure:18318: $? = 0
configure:18328: result: yes
configure:18377: checking whether Clang needs flag to prevent "argument unused" warning when linking with -pthread
configure:18404: gcc -o conftest -Werror -Wunknown-warning-option  -pthread -g -O2   conftest.c  >&5
configure:18404: $? = 0
configure:18411: (gcc -c -Werror -Wunknown-warning-option  -pthread -g -O2  conftest.c >&5) && (echo ==== >&5) && (gcc -o conftest -Werror -Wunknown-warning-option  -pthread -g -O2   conftest.o  >&5)
====
configure:18411: $? = 0
configure:18432: result: no
configure:18452: checking for joinable pthread attribute
configure:18471: gcc -o conftest -g -O2 -pthread   conftest.c -lpthread  >&5
configure:18471: $? = 0
configure:18481: result: PTHREAD_CREATE_JOINABLE
configure:18494: checking whether more special flags are required for pthreads
configure:18509: result: no
configure:18518: checking for PTHREAD_PRIO_INHERIT
configure:18536: gcc -o conftest -g -O2 -pthread   conftest.c -lpthread  >&5
configure:18536: $? = 0
configure:18548: result: yes
configure:18678: checking whether C++ compiler accepts -march=native
configure:18698: /usr/bin/g++ -std=gnu++11 -std=c++11 -c -Ofast -ftree-vectorize -funroll-loops -Wall -Wextra  -march=native  conftest.cpp >&5
clang: error: the clang compiler does not support '-march=native'
configure:18698: $? = 1
configure: failed program was:
| /* confdefs.h */
| #define PACKAGE_NAME "g6k-kernel"
| #define PACKAGE_TARNAME "g6k-kernel"
| #define PACKAGE_VERSION "0.1.2"
| #define PACKAGE_STRING "g6k-kernel 0.1.2"
| #define PACKAGE_BUGREPORT ""
| #define PACKAGE_URL ""
| #define PACKAGE "g6k-kernel"
| #define VERSION "0.1.2"
| #define G6K_MAJOR_VERSION 0
| #define G6K_MINOR_VERSION 1
| #define G6K_MICRO_VERSION 2
| #define G6K_VERSION 0.1.2
| #define G6K_VERSION_INFO 
| #define HAVE_STDIO_H 1
| #define HAVE_STDLIB_H 1
| #define HAVE_STRING_H 1
| #define HAVE_INTTYPES_H 1
| #define HAVE_STDINT_H 1
| #define HAVE_STRINGS_H 1
| #define HAVE_SYS_STAT_H 1
| #define HAVE_SYS_TYPES_H 1
| #define HAVE_UNISTD_H 1
| #define STDC_HEADERS 1
| #define HAVE_DLFCN_H 1
| #define LT_OBJDIR ".libs/"
| #define HAVE_CXX11 1
| #define HAVE_PTHREAD_PRIO_INHERIT 1
| #define HAVE_PTHREAD 1
| /* end confdefs.h.  */
| 
| int
| main (void)
| {
| 
|   ;
|   return 0;
| }
configure:18709: result: no
configure:18726: checking for x86 cpuid  output
configure:18760: gcc -o conftest -g -O2   conftest.c  >&5
conftest.c:36:15: error: expected expression
     int op = , level = 0, eax, ebx, ecx, edx;
              ^
conftest.c:41:11: error: invalid output constraint '=a' in asm
        : "=a" (eax), "=r" (ebx), "=c" (ecx), "=d" (edx)
          ^
2 errors generated.
configure:18760: $? = 1
configure: program exited with status 1
configure: failed program was:
| /* confdefs.h */
| #define PACKAGE_NAME "g6k-kernel"
| #define PACKAGE_TARNAME "g6k-kernel"
| #define PACKAGE_VERSION "0.1.2"
| #define PACKAGE_STRING "g6k-kernel 0.1.2"
| #define PACKAGE_BUGREPORT ""
| #define PACKAGE_URL ""
| #define PACKAGE "g6k-kernel"
| #define VERSION "0.1.2"
| #define G6K_MAJOR_VERSION 0
| #define G6K_MINOR_VERSION 1
| #define G6K_MICRO_VERSION 2
| #define G6K_VERSION 0.1.2
| #define G6K_VERSION_INFO 
| #define HAVE_STDIO_H 1
| #define HAVE_STDLIB_H 1
| #define HAVE_STRING_H 1
| #define HAVE_INTTYPES_H 1
| #define HAVE_STDINT_H 1
| #define HAVE_STRINGS_H 1
| #define HAVE_SYS_STAT_H 1
| #define HAVE_SYS_TYPES_H 1
| #define HAVE_UNISTD_H 1
| #define STDC_HEADERS 1
| #define HAVE_DLFCN_H 1
| #define LT_OBJDIR ".libs/"
| #define HAVE_CXX11 1
| #define HAVE_PTHREAD_PRIO_INHERIT 1
| #define HAVE_PTHREAD 1
| /* end confdefs.h.  */
| #include <stdio.h>
| int
| main (void)
| {
| 
|      int op = , level = 0, eax, ebx, ecx, edx;
|      FILE *f;
|       __asm__ __volatile__ ("xchg %%ebx, %1\n"
|         "cpuid\n"
|         "xchg %%ebx, %1\n"
|         : "=a" (eax), "=r" (ebx), "=c" (ecx), "=d" (edx)
|         : "a" (op), "2" (level));
| 
|      f = fopen("conftest_cpuid", "w"); if (!f) return 1;
|      fprintf(f, "%x:%x:%x:%x\n", eax, ebx, ecx, edx);
|      fclose(f);
|      return 0;
| 
|   ;
|   return 0;
| }
configure:18774: result: unknown
configure:18791: checking for x86-AVX xgetbv  output
configure:18823: gcc -o conftest -g -O2   conftest.c  >&5
conftest.c:36:15: error: expected expression
     int op = , eax, edx;
              ^
conftest.c:40:11: error: invalid output constraint '=a' in asm
        : "=a" (eax), "=d" (edx)
          ^
2 errors generated.
configure:18823: $? = 1
configure: program exited with status 1
configure: failed program was:
| /* confdefs.h */
| #define PACKAGE_NAME "g6k-kernel"
| #define PACKAGE_TARNAME "g6k-kernel"
| #define PACKAGE_VERSION "0.1.2"
| #define PACKAGE_STRING "g6k-kernel 0.1.2"
| #define PACKAGE_BUGREPORT ""
| #define PACKAGE_URL ""
| #define PACKAGE "g6k-kernel"
| #define VERSION "0.1.2"
| #define G6K_MAJOR_VERSION 0
| #define G6K_MINOR_VERSION 1
| #define G6K_MICRO_VERSION 2
| #define G6K_VERSION 0.1.2
| #define G6K_VERSION_INFO 
| #define HAVE_STDIO_H 1
| #define HAVE_STDLIB_H 1
| #define HAVE_STRING_H 1
| #define HAVE_INTTYPES_H 1
| #define HAVE_STDINT_H 1
| #define HAVE_STRINGS_H 1
| #define HAVE_SYS_STAT_H 1
| #define HAVE_SYS_TYPES_H 1
| #define HAVE_UNISTD_H 1
| #define STDC_HEADERS 1
| #define HAVE_DLFCN_H 1
| #define LT_OBJDIR ".libs/"
| #define HAVE_CXX11 1
| #define HAVE_PTHREAD_PRIO_INHERIT 1
| #define HAVE_PTHREAD 1
| /* end confdefs.h.  */
| #include <stdio.h>
| int
| main (void)
| {
| 
|      int op = , eax, edx;
|      FILE *f;
|       /* Opcodes for xgetbv */
|       __asm__ __volatile__ (".byte 0x0f, 0x01, 0xd0"
|         : "=a" (eax), "=d" (edx)
|         : "c" (op));
|      f = fopen("conftest_xgetbv", "w"); if (!f) return 1;
|      fprintf(f, "%x:%x\n", eax, edx);
|      fclose(f);
|      return 0;
| 
|   ;
|   return 0;
| }
configure:18837: result: unknown
configure:20033: checking that generated files are newer than configure
configure:20039: result: done
configure:20078: creating ./config.status

## ---------------------- ##
## Running config.status. ##
## ---------------------- ##

This file was extended by g6k-kernel config.status 0.1.2, which was
generated by GNU Autoconf 2.72.  Invocation command line was

  CONFIG_FILES    = 
  CONFIG_HEADERS  = 
  CONFIG_LINKS    = 
  CONFIG_COMMANDS = 
  $ ./config.status 

on Admins-MacBook-Pro-2.local

config.status:1174: creating Makefile
config.status:1174: creating kernel/Makefile
config.status:1174: creating g6k.pc
config.status:1174: creating kernel/g6k_config.h
config.status:1403: executing depfiles commands
config.status:1480: cd kernel       && sed -e '/# am--include-marker/d' Makefile         | make -f - am--depfiles
make: Nothing to be done for `am--depfiles'.
config.status:1485: $? = 0
config.status:1403: executing libtool commands

## ---------------- ##
## Cache variables. ##
## ---------------- ##

ac_cv_build=aarch64-apple-darwin21.6.0
ac_cv_c_compiler_gnu=yes
ac_cv_cxx_compiler_gnu=yes
ac_cv_env_CCC_set=
ac_cv_env_CCC_value=
ac_cv_env_CC_set=
ac_cv_env_CC_value=
ac_cv_env_CFLAGS_set=
ac_cv_env_CFLAGS_value=
ac_cv_env_CPPFLAGS_set=
ac_cv_env_CPPFLAGS_value=
ac_cv_env_CPP_set=
ac_cv_env_CPP_value=
ac_cv_env_CXXCPP_set=
ac_cv_env_CXXCPP_value=
ac_cv_env_CXXFLAGS_set=
ac_cv_env_CXXFLAGS_value=
ac_cv_env_CXX_set=set
ac_cv_env_CXX_value=/usr/bin/g++
ac_cv_env_LDFLAGS_set=
ac_cv_env_LDFLAGS_value=
ac_cv_env_LIBS_set=
ac_cv_env_LIBS_value=
ac_cv_env_LT_SYS_LIBRARY_PATH_set=
ac_cv_env_LT_SYS_LIBRARY_PATH_value=
ac_cv_env_build_alias_set=
ac_cv_env_build_alias_value=
ac_cv_env_host_alias_set=
ac_cv_env_host_alias_value=
ac_cv_env_target_alias_set=
ac_cv_env_target_alias_value=
ac_cv_header_dlfcn_h=yes
ac_cv_header_inttypes_h=yes
ac_cv_header_stdint_h=yes
ac_cv_header_stdio_h=yes
ac_cv_header_stdlib_h=yes
ac_cv_header_string_h=yes
ac_cv_header_strings_h=yes
ac_cv_header_sys_stat_h=yes
ac_cv_header_sys_types_h=yes
ac_cv_header_unistd_h=yes
ac_cv_host=aarch64-apple-darwin21.6.0
ac_cv_objext=o
ac_cv_path_EGREP='/usr/bin/grep -E'
ac_cv_path_EGREP_TRADITIONAL='/usr/bin/grep -E'
ac_cv_path_FGREP='/usr/bin/grep -F'
ac_cv_path_GREP=/usr/bin/grep
ac_cv_path_SED=/usr/bin/sed
ac_cv_path_install='/opt/homebrew/bin/ginstall -c'
ac_cv_path_lt_DD=/bin/dd
ac_cv_path_mkdir=/opt/homebrew/bin/gmkdir
ac_cv_prog_AWK=awk
ac_cv_prog_CPP='gcc -E'
ac_cv_prog_CXXCPP='/usr/bin/g++ -std=gnu++11 -E'
ac_cv_prog_ac_ct_AR=ar
ac_cv_prog_ac_ct_CC=gcc
ac_cv_prog_ac_ct_DSYMUTIL=dsymutil
ac_cv_prog_ac_ct_FILECMD=file
ac_cv_prog_ac_ct_LIPO=lipo
ac_cv_prog_ac_ct_NMEDIT=nmedit
ac_cv_prog_ac_ct_OBJDUMP=objdump
ac_cv_prog_ac_ct_OTOOL=otool
ac_cv_prog_ac_ct_RANLIB=ranlib
ac_cv_prog_ac_ct_STRIP=strip
ac_cv_prog_cc_c11=
ac_cv_prog_cc_g=yes
ac_cv_prog_cc_stdc=
ac_cv_prog_cxx_cxx11=-std=gnu++11
ac_cv_prog_cxx_g=yes
ac_cv_prog_cxx_stdcxx=-std=gnu++11
ac_cv_prog_make_make_set=yes
am_cv_CC_dependencies_compiler_type=gcc3
am_cv_CXX_dependencies_compiler_type=gcc3
am_cv_filesystem_timestamp_resolution=2
am_cv_make_support_nested_variables=yes
am_cv_prog_cc_c_o=yes
am_cv_sleep_fractional_seconds=yes
am_cv_xargs_n_works=yes
ax_cv_PTHREAD_CLANG=yes
ax_cv_PTHREAD_CLANG_NO_WARN_FLAG=no
ax_cv_PTHREAD_JOINABLE_ATTR=PTHREAD_CREATE_JOINABLE
ax_cv_PTHREAD_PRIO_INHERIT=yes
ax_cv_PTHREAD_SPECIAL_FLAGS=no
ax_cv_check_cxxflags___march_native=no
ax_cv_cxx_compile_cxx11__std_cpp11=yes
ax_cv_gcc_x86_avx_xgetbv_=unknown
ax_cv_gcc_x86_cpuid_=unknown
lt_cv_apple_cc_single_mod=yes
lt_cv_ar_at_file=no
lt_cv_deplibs_check_method=pass_all
lt_cv_file_magic_cmd='$MAGIC_CMD'
lt_cv_file_magic_test_file=
lt_cv_ld_exported_symbols_list=yes
lt_cv_ld_force_load=yes
lt_cv_ld_reload_flag=-r
lt_cv_nm_interface='BSD nm'
lt_cv_objdir=.libs
lt_cv_path_LD=/Library/Developer/CommandLineTools/usr/bin/ld
lt_cv_path_LDCXX=/Library/Developer/CommandLineTools/usr/bin/ld
lt_cv_path_NM='/usr/bin/nm -B'
lt_cv_path_mainfest_tool=no
lt_cv_prog_compiler_c_o=yes
lt_cv_prog_compiler_c_o_CXX=yes
lt_cv_prog_compiler_pic='-fno-common -DPIC'
lt_cv_prog_compiler_pic_CXX='-fno-common -DPIC'
lt_cv_prog_compiler_pic_works=yes
lt_cv_prog_compiler_pic_works_CXX=yes
lt_cv_prog_compiler_rtti_exceptions=yes
lt_cv_prog_compiler_static_works=no
lt_cv_prog_compiler_static_works_CXX=no
lt_cv_prog_gnu_ld=no
lt_cv_prog_gnu_ldcxx=no
lt_cv_sharedlib_from_linklib_cmd='printf %s\n'
lt_cv_sys_global_symbol_pipe='/usr/bin/sed -n -e '\''s/^.*[	 ]\([ABCDGIRSTW][ABCDGIRSTW]*\)[	 ][	 ]*_\([_A-Za-z][_A-Za-z0-9]*\)$/\1 _\2 \2/p'\'' | /usr/bin/sed '\''/ __gnu_lto/d'\'''
lt_cv_sys_global_symbol_to_c_name_address='/usr/bin/sed -n -e '\''s/^: \(.*\) .*$/  {"\1", (void *) 0},/p'\'' -e '\''s/^[ABCDGIRSTW][ABCDGIRSTW]* .* \(.*\)$/  {"\1", (void *) \&\1},/p'\'''
lt_cv_sys_global_symbol_to_c_name_address_lib_prefix='/usr/bin/sed -n -e '\''s/^: \(.*\) .*$/  {"\1", (void *) 0},/p'\'' -e '\''s/^[ABCDGIRSTW][ABCDGIRSTW]* .* \(lib.*\)$/  {"\1", (void *) \&\1},/p'\'' -e '\''s/^[ABCDGIRSTW][ABCDGIRSTW]* .* \(.*\)$/  {"lib\1", (void *) \&\1},/p'\'''
lt_cv_sys_global_symbol_to_cdecl='/usr/bin/sed -n -e '\''s/^T .* \(.*\)$/extern int \1();/p'\'' -e '\''s/^[ABCDGIRSTW][ABCDGIRSTW]* .* \(.*\)$/extern char \1;/p'\'''
lt_cv_sys_global_symbol_to_import=
lt_cv_sys_max_cmd_len=786432
lt_cv_to_host_file_cmd=func_convert_file_noop
lt_cv_to_tool_file_cmd=func_convert_file_noop
lt_cv_truncate_bin='/bin/dd bs=4096 count=1'

## ----------------- ##
## Output variables. ##
## ----------------- ##

ACLOCAL='${SHELL} '\''/Users/elenakirshanova/Desktop/Projects/g6k_hybrid/missing'\'' aclocal-1.17'
AMDEPBACKSLASH='\'
AMDEP_FALSE='#'
AMDEP_TRUE=''
AMTAR='$${TAR-tar}'
AM_BACKSLASH='\'
AM_DEFAULT_V='$(AM_DEFAULT_VERBOSITY)'
AM_DEFAULT_VERBOSITY='0'
AM_V='$(V)'
AR='ar'
AUTOCONF='${SHELL} '\''/Users/elenakirshanova/Desktop/Projects/g6k_hybrid/missing'\'' autoconf'
AUTOHEADER='${SHELL} '\''/Users/elenakirshanova/Desktop/Projects/g6k_hybrid/missing'\'' autoheader'
AUTOMAKE='${SHELL} '\''/Users/elenakirshanova/Desktop/Projects/g6k_hybrid/missing'\'' automake-1.17'
AWK='awk'
CC='gcc'
CCDEPMODE='depmode=gcc3'
CFLAGS='-g -O2'
CPP='gcc -E'
CPPFLAGS=''
CPUEXT_FLAGS=''
CSCOPE='cscope'
CTAGS='ctags'
CXX='/usr/bin/g++ -std=gnu++11 -std=c++11'
CXXCPP='/usr/bin/g++ -std=gnu++11 -E -std=c++11'
CXXDEPMODE='depmode=gcc3'
CXXFLAGS='-Ofast -ftree-vectorize -funroll-loops -Wall -Wextra '
CYGPATH_W='echo'
DEFS='-DHAVE_CONFIG_H'
DEPDIR='.deps'
DLLTOOL='false'
DSYMUTIL='dsymutil'
DUMPBIN=''
ECHO_C='\c'
ECHO_N=''
ECHO_T=''
EGREP='/usr/bin/grep -E'
ETAGS='etags'
EXEEXT=''
FGREP='/usr/bin/grep -F'
FILECMD='file'
G6K_LT_AGE='0'
G6K_LT_CURRENT='1'
G6K_LT_REVISION='1'
GREP='/usr/bin/grep'
HAVE_CXX11='1'
INSTALL_DATA='${INSTALL} -m 644'
INSTALL_PROGRAM='${INSTALL}'
INSTALL_SCRIPT='${INSTALL}'
INSTALL_STRIP_PROGRAM='$(install_sh) -c -s'
LD='/Library/Developer/CommandLineTools/usr/bin/ld'
LDFLAGS=''
LIBOBJS=''
LIBS=''
LIBTOOL='$(SHELL) $(top_builddir)/libtool'
LIPO='lipo'
LN_S='ln -s'
LTLIBOBJS=''
LT_SYS_LIBRARY_PATH=''
MAINT=''
MAINTAINER_MODE_FALSE='#'
MAINTAINER_MODE_TRUE=''
MAKEINFO='${SHELL} '\''/Users/elenakirshanova/Desktop/Projects/g6k_hybrid/missing'\'' makeinfo'
MANIFEST_TOOL=':'
MKDIR_P='/opt/homebrew/bin/gmkdir -p'
NM='/usr/bin/nm -B'
NMEDIT='nmedit'
OBJDUMP='objdump'
OBJEXT='o'
OTOOL64=':'
OTOOL='otool'
PACKAGE='g6k-kernel'
PACKAGE_BUGREPORT=''
PACKAGE_NAME='g6k-kernel'
PACKAGE_STRING='g6k-kernel 0.1.2'
PACKAGE_TARNAME='g6k-kernel'
PACKAGE_URL=''
PACKAGE_VERSION='0.1.2'
PATH_SEPARATOR=':'
PTHREAD_CC='gcc'
PTHREAD_CFLAGS='-pthread'
PTHREAD_LIBS='-lpthread'
RANLIB='ranlib'
SED='/usr/bin/sed'
SET_MAKE=''
SHELL='/bin/sh'
SIMD_FLAGS=''
STRIP='strip'
VERSION='0.1.2'
ac_ct_AR='ar'
ac_ct_CC='gcc'
ac_ct_CXX=''
ac_ct_DUMPBIN=''
am__EXEEXT_FALSE=''
am__EXEEXT_TRUE='#'
am__fastdepCC_FALSE='#'
am__fastdepCC_TRUE=''
am__fastdepCXX_FALSE='#'
am__fastdepCXX_TRUE=''
am__include='include'
am__isrc=''
am__leading_dot='.'
am__nodep='_no'
am__quote=''
am__rm_f_notfound=''
am__tar='$${TAR-tar} chof - "$$tardir"'
am__untar='$${TAR-tar} xf -'
am__xargs_n='xargs -n'
ax_pthread_config=''
bindir='${exec_prefix}/bin'
build='aarch64-apple-darwin21.6.0'
build_alias=''
build_cpu='aarch64'
build_os='darwin21.6.0'
build_vendor='apple'
datadir='${datarootdir}'
datarootdir='${prefix}/share'
docdir='${datarootdir}/doc/${PACKAGE_TARNAME}'
dvidir='${docdir}'
exec_prefix='${prefix}'
host='aarch64-apple-darwin21.6.0'
host_alias=''
host_cpu='aarch64'
host_os='darwin21.6.0'
host_vendor='apple'
htmldir='${docdir}'
includedir='${prefix}/include'
infodir='${datarootdir}/info'
install_sh='${SHELL} /Users/elenakirshanova/Desktop/Projects/g6k_hybrid/install-sh'
libdir='${exec_prefix}/lib'
libexecdir='${exec_prefix}/libexec'
localedir='${datarootdir}/locale'
localstatedir='${prefix}/var'
mandir='${datarootdir}/man'
mkdir_p='$(MKDIR_P)'
oldincludedir='/usr/include'
pdfdir='${docdir}'
prefix='/usr/local'
program_transform_name='s,x,x,'
psdir='${docdir}'
runstatedir='${localstatedir}/run'
sbindir='${exec_prefix}/sbin'
sharedstatedir='${prefix}/com'
sysconfdir='${prefix}/etc'
target_alias=''

## ----------- ##
## confdefs.h. ##
## ----------- ##

/* confdefs.h */
#define PACKAGE_NAME "g6k-kernel"
#define PACKAGE_TARNAME "g6k-kernel"
#define PACKAGE_VERSION "0.1.2"
#define PACKAGE_STRING "g6k-kernel 0.1.2"
#define PACKAGE_BUGREPORT ""
#define PACKAGE_URL ""
#define PACKAGE "g6k-kernel"
#define VERSION "0.1.2"
#define G6K_MAJOR_VERSION 0
#define G6K_MINOR_VERSION 1
#define G6K_MICRO_VERSION 2
#define G6K_VERSION 0.1.2
#define G6K_VERSION_INFO 
#define HAVE_STDIO_H 1
#define HAVE_STDLIB_H 1
#define HAVE_STRING_H 1
#define HAVE_INTTYPES_H 1
#define HAVE_STDINT_H 1
#define HAVE_STRINGS_H 1
#define HAVE_SYS_STAT_H 1
#define HAVE_SYS_TYPES_H 1
#define HAVE_UNISTD_H 1
#define STDC_HEADERS 1
#define HAVE_DLFCN_H 1
#define LT_OBJDIR ".libs/"
#define HAVE_CXX11 1
#define HAVE_PTHREAD_PRIO_INHERIT 1
#define HAVE_PTHREAD 1
#define MAX_SIEVING_DIM 128
#define XPC_BUCKET_THRESHOLD 102
#define XPC_THRESHOLD 96

configure: exit 0
